12 giờ đêm có phim gì
null : Phim : Tue Sep 30 12:00:00 ICT 2014 : Tue Sep 30 12:00:00 ICT 2014

15 giờ ngày mai kênh VTV3 chiếu chương trình gì
Vtv3 : null : Wed Oct 01 15:00:00 ICT 2014 : Wed Oct 01 15:59:00 ICT 2014

20 giờ tối nay có phim gì
null : Phim : Tue Sep 30 20:00:00 ICT 2014 : Tue Sep 30 20:00:00 ICT 2014

20 giờ có chương trình gì
null : null : Tue Sep 30 20:00:00 ICT 2014 : Tue Sep 30 20:59:00 ICT 2014

23/9 phim bão qua làng đang chiếu tập bao nhiêu
null : bão qua làng : Tue Sep 30 09:07:29 ICT 2014 : Tue Oct 07 09:07:29 ICT 2014

9 giờ 30 sáng mai chiếu chương trình gì
null : null : null : null

9 giờ 30 sáng nay còn phim son môi hồng không
null : Son Môi Hồng : null : null

9 giờ 30 tối mai chiếu chương trình gì
null : null : null : null

Bây giờ có chương trình gì
null : null : Tue Sep 30 00:00:00 ICT 2014 : Tue Sep 30 23:59:59 ICT 2014

chương trình gì chiếu tối mai
null : null : Wed Oct 01 18:00:00 ICT 2014 : Wed Oct 01 23:00:00 ICT 2014

chương trình gì chiếu tối nay
null : null : Tue Sep 30 18:00:00 ICT 2014 : Tue Sep 30 23:00:00 ICT 2014

Đang có chương trình gì
null : null : null : null

chương trình gì đang chiếu hiện giờ thế
null : null : null : null

cuối tuần này kênh nào tường thuật ngoại hạng anh 
null : null : Mon Sep 29 00:00:00 ICT 2014 : Sun Oct 05 23:59:59 ICT 2014

hai mươi giờ tối nay có phim gì
null : Phim : Tue Sep 30 00:00:00 ICT 2014 : Tue Sep 30 23:59:59 ICT 2014

hbo sắp chiếu phim gì
null : Phim : Tue Sep 30 00:00:00 ICT 2014 : Tue Sep 30 23:59:59 ICT 2014

phim 4 giờ chiều đến 6 giờ chiều
Tue Sep 30 04:00:00 ICT 2014
Tue Sep 30 04:59:00 ICT 2014

Phim bão qua làng chỉ phát sóng vào thứ 6 và thứ 7 hàng tuần đúng không
null : bão qua làng : Fri Oct 03 00:00:00 ICT 2014 : Fri Oct 03 23:59:59 ICT 2014

tin tức lúc 12 giờ tối
null : tin tức : Tue Sep 30 12:00:00 ICT 2014 : Tue Sep 30 12:00:00 ICT 2014

vtv3 tám giờ tối có chương trình gì
Vtv3 : null : Tue Sep 30 00:00:00 ICT 2014 : Tue Sep 30 23:59:59 ICT 2014




















Hôm nay trên kênh VTC có chiếu giải Ngoại hạng Anh không
null : null : Tue Sep 30 00:00:00 ICT 2014 : Tue Sep 30 23:59:59 ICT 2014

Kênh Disney có phụ đề tiếng việt không
null : null : null : null

lịch chiếu tất cả chương trình kênh K 
null : null : null : null

lịch chiếu tất cả chương trình kênh K+
null : null : null : null

lịch chiếu tất cả chương trình kênh SCTVHD
null : null : null : null

lịch chiếu tất cả chương trình kênh sports
null : null : null : null

thời lượng phát sóng của chương trình người đương thời là bao lâu
null : null : null : null

tối nay có hương ngọc lan không
null : null : Tue Sep 30 18:00:00 ICT 2014 : Tue Sep 30 23:00:00 ICT 2014

tối nay có phim hugo không
null : Phim : Tue Sep 30 18:00:00 ICT 2014 : Tue Sep 30 23:00:00 ICT 2014

trận đấu sớm của ngoại hạng anh bắt đầu lúc mấy giờ
null : đầu giờ : null : null

VTV1 HD chính thức lên sóng ngày nào
Vtv1 : null : null : null

VTVcab 19 có phim gì vào cuối tuần
null : phim cuối tuần : null : null


